This is LuaHBTeX, Version 1.24.0 (MiKTeX 25.12) (format=lualatex 2026.6.7)  21 JUL 2026 19:07
 restricted system commands enabled.
**input.tex
(./input.tex
LaTeX2e <2025-11-01>
L3 programming layer <2025-12-24>
Lua module: luaotfload 2024-12-03 v3.29 Lua based OpenType font support
Lua module: lualibs 2023-07-13 v2.76 ConTeXt Lua standard libraries.
Lua module: lualibs-extended 2023-07-13 v2.76 ConTeXt Lua libraries -- extended 
collection.
luaotfload | conf : Root cache directory is "C:/Users/User/AppData/Local/MiKTeX/
luatex-cache/generic/names".
luaotfload | init : Loading fontloader "fontloader-2023-12-28.lua" from kpse-res
olved path "D:/New folder/tex/luatex/luaotfload/fontloader-2023-12-28.lua".
Lua-only attribute luaotfload@noligature = 1
luaotfload | init : Context OpenType loader version 3.134
Inserting `luaotfload.node_processor' in `pre_linebreak_filter'.
Inserting `luaotfload.node_processor' in `hpack_filter'.
Inserting `luaotfload.glyph_stream' in `glyph_stream_provider'.
Inserting `luaotfload.define_font' in `define_font'.
Lua-only attribute luaotfload_color_attribute = 2
luaotfload | conf : Root cache directory is "C:/Users/User/AppData/Local/MiKTeX/
luatex-cache/generic/names".
Inserting `luaotfload.harf.strip_prefix' in `find_opentype_file'.
Inserting `luaotfload.harf.strip_prefix' in `find_truetype_file'.
Removing  `luaotfload.glyph_stream' from `glyph_stream_provider'.
Inserting `luaotfload.harf.glyphstream' in `glyph_stream_provider'.
Inserting `luaotfload.harf.finalize_vlist' in `post_linebreak_filter'.
Inserting `luaotfload.harf.finalize_hlist' in `hpack_filter'.
Inserting `luaotfload.cleanup_files' in `wrapup_run'.
Inserting `luaotfload.harf.finalize_unicode' in `finish_pdffile'.
Inserting `luaotfload.glyphinfo' in `glyph_info'.
Lua-only attribute luaotfload.letterspace_done = 3
Inserting `luaotfload.aux.set_sscale_dimens' in `luaotfload.patch_font'.
Inserting `luaotfload.aux.set_font_index' in `luaotfload.patch_font'.
Inserting `luaotfload.aux.patch_cambria_domh' in `luaotfload.patch_font'.
Inserting `luaotfload.aux.fixup_fontdata' in `luaotfload.patch_font_unsafe'.
Inserting `luaotfload.aux.set_capheight' in `luaotfload.patch_font'.
Inserting `luaotfload.aux.set_xheight' in `luaotfload.patch_font'.
Inserting `luaotfload.rewrite_fontname' in `luaotfload.patch_font'.
Inserting `tracingstacklevels' in `input_level_string'. ("D:/New folder/tex/lat
ex/base/article.cls"
Document Class: article 2025/01/22 v1.4n Standard LaTeX document class
("D:/New folder/tex/latex/base/size12.clo"
File: size12.clo 2025/01/22 v1.4n Standard LaTeX file (size option)
luaotfload | db : Font names database loaded from C:/Users/User/AppData/Local/Mi
KTeX/luatex-cache/generic/names/luaotfload-names.luc.gz)
\c@part=\count273
\c@section=\count274
\c@subsection=\count275
\c@subsubsection=\count276
\c@paragraph=\count277
\c@subparagraph=\count278
\c@figure=\count279
\c@table=\count280
\abovecaptionskip=\skip49
\belowcaptionskip=\skip50
\bibindent=\dimen147
)
("D:/New folder/tex/latex/fontspec/fontspec.sty"
("D:/New folder/tex/latex/l3packages/xparse/xparse.sty"
("D:/New folder/tex/latex/l3kernel/expl3.sty"
Package: expl3 2025-12-24 L3 programming layer (loader) 

("D:/New folder/tex/latex/l3backend/l3backend-luatex.def"
File: l3backend-luatex.def 2025-10-09 L3 backend support: PDF output (LuaTeX)
\l__color_backend_stack_int=\count281
Inserting `l3color' in `luaotfload.parse_color'.))
Package: xparse 2025-10-09 L3 Experimental document command parser
)
Package: fontspec 2025/09/29 v2.9g Font selection for XeLaTeX and LuaLaTeX
Lua module: fontspec 2025/09/29 v2.9g Font selection for XeLaTeX and LuaLaTeX
("D:/New folder/tex/latex/fontspec/fontspec-luatex.sty"
Package: fontspec-luatex 2025/09/29 v2.9g Font selection for XeLaTeX and LuaLaT
eX
\l__fontspec_script_int=\count282
\l__fontspec_language_int=\count283
\l__fontspec_strnum_int=\count284
\l__fontspec_tmp_int=\count285
\l__fontspec_tmpa_int=\count286
\l__fontspec_tmpb_int=\count287
\l__fontspec_tmpc_int=\count288
\l__fontspec_em_int=\count289
\l__fontspec_emdef_int=\count290
\l__fontspec_strong_int=\count291
\l__fontspec_strongdef_int=\count292
\l__fontspec_tmpa_dim=\dimen148
\l__fontspec_tmpb_dim=\dimen149
\l__fontspec_tmpc_dim=\dimen150

("D:/New folder/tex/latex/base/fontenc.sty"
Package: fontenc 2025/07/18 v2.1d Standard LaTeX package
)
("D:/New folder/tex/latex/fontspec/fontspec.cfg")))
("D:/New folder/tex/latex/polyglossia/polyglossia.sty"
Package: polyglossia 2026/04/18 v2.10 Modern multilingual typesetting with XeLa
TeX and LuaLaTeX

("D:/New folder/tex/latex/etoolbox/etoolbox.sty"
Package: etoolbox 2025/10/02 v2.5m e-TeX tools for LaTeX (JAW)
\etb@tempcnta=\count293
)
("D:/New folder/tex/generic/iftex/iftex.sty"
Package: iftex 2024/12/12 v1.0g TeX engine tests
)
Lua module: polyglossia 2013/05/11 v1.3 Polyglossia
\l_xpg_alias_keyvals_int=\count294

("D:/New folder/tex/latex/polyglossia/gloss-latex.ldf"
File: gloss-latex.ldf polyglossia: module for default language
)

Package polyglossia Info: Setting LuaTeX font renderer to Harfbuzz

)
("D:/New folder/tex/latex/amsmath/amsmath.sty"
Package: amsmath 2025/07/09 v2.17z AMS math features
\@mathmargin=\skip51

For additional information on amsmath, use the `?' option.
("D:/New folder/tex/latex/amsmath/amstext.sty"
Package: amstext 2024/11/17 v2.01 AMS text

("D:/New folder/tex/latex/amsmath/amsgen.sty"
File: amsgen.sty 1999/11/30 v2.0 generic functions
\@emptytoks=\toks17
\ex@=\dimen151
))
("D:/New folder/tex/latex/amsmath/amsbsy.sty"
Package: amsbsy 1999/11/29 v1.2d Bold Symbols
\pmbraise@=\dimen152
)
("D:/New folder/tex/latex/amsmath/amsopn.sty"
Package: amsopn 2022/04/08 v2.04 operator names
)
\inf@bad=\count295
LaTeX Info: Redefining \frac on input line 235.
\uproot@=\count296
\leftroot@=\count297
LaTeX Info: Redefining \overline on input line 398.
LaTeX Info: Redefining \colon on input line 409.
\classnum@=\count298
\DOTSCASE@=\count299
LaTeX Info: Redefining \ldots on input line 495.
LaTeX Info: Redefining \dots on input line 498.
LaTeX Info: Redefining \cdots on input line 619.
\Mathstrutbox@=\box53
\strutbox@=\box54
LaTeX Info: Redefining \big on input line 721.
LaTeX Info: Redefining \Big on input line 722.
LaTeX Info: Redefining \bigg on input line 723.
LaTeX Info: Redefining \Bigg on input line 724.
\big@size=\dimen153
LaTeX Font Info:    Redeclaring font encoding OML on input line 742.
LaTeX Font Info:    Redeclaring font encoding OMS on input line 743.
\macc@depth=\count300
LaTeX Info: Redefining \bmod on input line 904.
LaTeX Info: Redefining \pmod on input line 909.
LaTeX Info: Redefining \smash on input line 939.
LaTeX Info: Redefining \relbar on input line 969.
LaTeX Info: Redefining \Relbar on input line 970.
\c@MaxMatrixCols=\count301
\dotsspace@=\muskip17
\c@parentequation=\count302
\dspbrk@lvl=\count303
\tag@help=\toks18
\row@=\count304
\column@=\count305
\maxfields@=\count306
\andhelp@=\toks19
\eqnshift@=\dimen154
\alignsep@=\dimen155
\tagshift@=\dimen156
\tagwidth@=\dimen157
\totwidth@=\dimen158
\lineht@=\dimen159
\@envbody=\toks20
\multlinegap=\skip52
\multlinetaggap=\skip53
\mathdisplay@stack=\toks21
LaTeX Info: Redefining \[ on input line 2950.
LaTeX Info: Redefining \] on input line 2951.
)
("D:/New folder/tex/latex/amsfonts/amssymb.sty"
Package: amssymb 2013/01/14 v3.01 AMS font symbols

("D:/New folder/tex/latex/amsfonts/amsfonts.sty"
Package: amsfonts 2013/01/14 v3.01 Basic AMSFonts support
\symAMSa=\mathgroup4
\symAMSb=\mathgroup5
LaTeX Font Info:    Redeclaring math symbol \hbar on input line 98.
LaTeX Font Info:    Overwriting math alphabet `\mathfrak' in version `bold'
(Font)                  U/euf/m/n --> U/euf/b/n on input line 106.
))
("D:/New folder/tex/latex/geometry/geometry.sty"
Package: geometry 2026/03/07 v6.0 Page Geometry

("D:/New folder/tex/latex/graphics/keyval.sty"
Package: keyval 2022/05/29 v1.15 key=value parser (DPC)
\KV@toks@=\toks22
)
("D:/New folder/tex/generic/iftex/ifvtex.sty"
Package: ifvtex 2019/10/25 v1.7 ifvtex legacy package. Use iftex instead.
)
\Gm@cnth=\count307
\Gm@cntv=\count308
\c@Gm@tempcnt=\count309
\Gm@bindingoffset=\dimen160
\Gm@wd@mp=\dimen161
\Gm@odd@mp=\dimen162
\Gm@even@mp=\dimen163
\Gm@layoutwidth=\dimen164
\Gm@layoutheight=\dimen165
\Gm@layouthoffset=\dimen166
\Gm@layoutvoffset=\dimen167
\Gm@dimlist=\toks23

("D:/New folder/tex/latex/geometry/geometry.cfg"))
("D:/New folder/tex/latex/pgf/frontendlayer/tikz.sty"
("D:/New folder/tex/latex/pgf/basiclayer/pgf.sty"
("D:/New folder/tex/latex/pgf/utilities/pgfrcs.sty"
("D:/New folder/tex/generic/pgf/utilities/pgfutil-common.tex"
\pgfutil@everybye=\toks24
\pgfutil@tempdima=\dimen168
\pgfutil@tempdimb=\dimen169
)
("D:/New folder/tex/generic/pgf/utilities/pgfutil-latex.def"
\pgfutil@abb=\box55
)
("D:/New folder/tex/generic/pgf/utilities/pgfrcs.code.tex"
("D:/New folder/tex/generic/pgf/pgf.revision.tex")
Package: pgfrcs 2025-08-29 v3.1.11a (3.1.11a)
))
Package: pgf 2025-08-29 v3.1.11a (3.1.11a)

("D:/New folder/tex/latex/pgf/basiclayer/pgfcore.sty"
("D:/New folder/tex/latex/graphics/graphicx.sty"
Package: graphicx 2024/12/31 v1.2e Enhanced LaTeX Graphics (DPC,SPQR)

("D:/New folder/tex/latex/graphics/graphics.sty"
Package: graphics 2024/08/06 v1.4g Standard LaTeX Graphics (DPC,SPQR)

("D:/New folder/tex/latex/graphics/trig.sty"
Package: trig 2023/12/02 v1.11 sin cos tan (DPC)
)
("D:/New folder/tex/latex/graphics-cfg/graphics.cfg"
File: graphics.cfg 2016/06/04 v1.11 sample graphics configuration
)
Package graphics Info: Driver file: luatex.def on input line 106.

("D:/New folder/tex/latex/graphics-def/luatex.def"
File: luatex.def 2025/09/29 v1.2f Graphics/color driver for luatex
))
\Gin@req@height=\dimen170
\Gin@req@width=\dimen171
)
("D:/New folder/tex/latex/pgf/systemlayer/pgfsys.sty"
("D:/New folder/tex/generic/pgf/systemlayer/pgfsys.code.tex"
Package: pgfsys 2025-08-29 v3.1.11a (3.1.11a)

("D:/New folder/tex/generic/pgf/utilities/pgfkeys.code.tex"
\pgfkeys@pathtoks=\toks25
\pgfkeys@temptoks=\toks26

("D:/New folder/tex/generic/pgf/utilities/pgfkeyslibraryfiltered.code.tex"
\pgfkeys@tmptoks=\toks27
))
\pgf@x=\dimen172
\pgf@y=\dimen173
\pgf@xa=\dimen174
\pgf@ya=\dimen175
\pgf@xb=\dimen176
\pgf@yb=\dimen177
\pgf@xc=\dimen178
\pgf@yc=\dimen179
\pgf@xd=\dimen180
\pgf@yd=\dimen181
\w@pgf@writea=\write3
\r@pgf@reada=\read2
\c@pgf@counta=\count310
\c@pgf@countb=\count311
\c@pgf@countc=\count312
\c@pgf@countd=\count313
\t@pgf@toka=\toks28
\t@pgf@tokb=\toks29
\t@pgf@tokc=\toks30
\pgf@sys@id@count=\count314

("D:/New folder/tex/generic/pgf/systemlayer/pgf.cfg"
File: pgf.cfg 2025-08-29 v3.1.11a (3.1.11a)
)
Driver file for pgf: pgfsys-luatex.def

("D:/New folder/tex/generic/pgf/systemlayer/pgfsys-luatex.def"
File: pgfsys-luatex.def 2025-08-29 v3.1.11a (3.1.11a)

("D:/New folder/tex/generic/pgf/systemlayer/pgfsys-common-pdf.def"
File: pgfsys-common-pdf.def 2025-08-29 v3.1.11a (3.1.11a)
)))
("D:/New folder/tex/generic/pgf/systemlayer/pgfsyssoftpath.code.tex"
File: pgfsyssoftpath.code.tex 2025-08-29 v3.1.11a (3.1.11a)
\pgfsyssoftpath@smallbuffer@items=\count315
\pgfsyssoftpath@bigbuffer@items=\count316
)
("D:/New folder/tex/generic/pgf/systemlayer/pgfsysprotocol.code.tex"
File: pgfsysprotocol.code.tex 2025-08-29 v3.1.11a (3.1.11a)
))
("D:/New folder/tex/latex/xcolor/xcolor.sty"
Package: xcolor 2024/09/29 v3.02 LaTeX color extensions (UK)

("D:/New folder/tex/latex/graphics-cfg/color.cfg"
File: color.cfg 2016/01/02 v1.6 sample color configuration
)
Package xcolor Info: Driver file: luatex.def on input line 274.

("D:/New folder/tex/latex/graphics/mathcolor.ltx")
Package xcolor Info: Model `cmy' substituted by `cmy0' on input line 1349.
Package xcolor Info: Model `hsb' substituted by `rgb' on input line 1353.
Package xcolor Info: Model `RGB' extended on input line 1365.
Package xcolor Info: Model `HTML' substituted by `rgb' on input line 1367.
Package xcolor Info: Model `Hsb' substituted by `hsb' on input line 1368.
Package xcolor Info: Model `tHsb' substituted by `hsb' on input line 1369.
Package xcolor Info: Model `HSB' substituted by `hsb' on input line 1370.
Package xcolor Info: Model `Gray' substituted by `gray' on input line 1371.
Package xcolor Info: Model `wave' substituted by `hsb' on input line 1372.
)
("D:/New folder/tex/generic/pgf/basiclayer/pgfcore.code.tex"
Package: pgfcore 2025-08-29 v3.1.11a (3.1.11a)

("D:/New folder/tex/generic/pgf/math/pgfmath.code.tex"
("D:/New folder/tex/generic/pgf/math/pgfmathutil.code.tex")
("D:/New folder/tex/generic/pgf/math/pgfmathparser.code.tex"
\pgfmath@dimen=\dimen182
\pgfmath@count=\count317
\pgfmath@box=\box56
\pgfmath@toks=\toks31
\pgfmath@stack@operand=\toks32
\pgfmath@stack@operation=\toks33
)
("D:/New folder/tex/generic/pgf/math/pgfmathfunctions.code.tex")
("D:/New folder/tex/generic/pgf/math/pgfmathfunctions.basic.code.tex")
("D:/New folder/tex/generic/pgf/math/pgfmathfunctions.trigonometric.code.tex")
("D:/New folder/tex/generic/pgf/math/pgfmathfunctions.random.code.tex")
("D:/New folder/tex/generic/pgf/math/pgfmathfunctions.comparison.code.tex")
("D:/New folder/tex/generic/pgf/math/pgfmathfunctions.base.code.tex")
("D:/New folder/tex/generic/pgf/math/pgfmathfunctions.round.code.tex")
("D:/New folder/tex/generic/pgf/math/pgfmathfunctions.misc.code.tex")
("D:/New folder/tex/generic/pgf/math/pgfmathfunctions.integerarithmetics.code.t
ex") ("D:/New folder/tex/generic/pgf/math/pgfmathcalc.code.tex")
("D:/New folder/tex/generic/pgf/math/pgfmathfloat.code.tex"
\c@pgfmathroundto@lastzeros=\count318
))
("D:/New folder/tex/generic/pgf/math/pgfint.code.tex")
("D:/New folder/tex/generic/pgf/basiclayer/pgfcorepoints.code.tex"
File: pgfcorepoints.code.tex 2025-08-29 v3.1.11a (3.1.11a)
\pgf@picminx=\dimen183
\pgf@picmaxx=\dimen184
\pgf@picminy=\dimen185
\pgf@picmaxy=\dimen186
\pgf@pathminx=\dimen187
\pgf@pathmaxx=\dimen188
\pgf@pathminy=\dimen189
\pgf@pathmaxy=\dimen190
\pgf@xx=\dimen191
\pgf@xy=\dimen192
\pgf@yx=\dimen193
\pgf@yy=\dimen194
\pgf@zx=\dimen195
\pgf@zy=\dimen196
)
("D:/New folder/tex/generic/pgf/basiclayer/pgfcorepathconstruct.code.tex"
File: pgfcorepathconstruct.code.tex 2025-08-29 v3.1.11a (3.1.11a)
\pgf@path@lastx=\dimen197
\pgf@path@lasty=\dimen198
)
("D:/New folder/tex/generic/pgf/basiclayer/pgfcorepathusage.code.tex"
File: pgfcorepathusage.code.tex 2025-08-29 v3.1.11a (3.1.11a)
\pgf@shorten@end@additional=\dimen199
\pgf@shorten@start@additional=\dimen256
)
("D:/New folder/tex/generic/pgf/basiclayer/pgfcorescopes.code.tex"
File: pgfcorescopes.code.tex 2025-08-29 v3.1.11a (3.1.11a)
\pgfpic=\box57
\pgf@hbox=\box58
\pgf@layerbox@main=\box59
\pgf@picture@serial@count=\count319
)
("D:/New folder/tex/generic/pgf/basiclayer/pgfcoregraphicstate.code.tex"
File: pgfcoregraphicstate.code.tex 2025-08-29 v3.1.11a (3.1.11a)
\pgflinewidth=\dimen257
)
("D:/New folder/tex/generic/pgf/basiclayer/pgfcoretransformations.code.tex"
File: pgfcoretransformations.code.tex 2025-08-29 v3.1.11a (3.1.11a)
\pgf@pt@x=\dimen258
\pgf@pt@y=\dimen259
\pgf@pt@temp=\dimen260
)
("D:/New folder/tex/generic/pgf/basiclayer/pgfcorequick.code.tex"
File: pgfcorequick.code.tex 2025-08-29 v3.1.11a (3.1.11a)
)
("D:/New folder/tex/generic/pgf/basiclayer/pgfcoreobjects.code.tex"
File: pgfcoreobjects.code.tex 2025-08-29 v3.1.11a (3.1.11a)
)
("D:/New folder/tex/generic/pgf/basiclayer/pgfcorepathprocessing.code.tex"
File: pgfcorepathprocessing.code.tex 2025-08-29 v3.1.11a (3.1.11a)
)
("D:/New folder/tex/generic/pgf/basiclayer/pgfcorearrows.code.tex"
File: pgfcorearrows.code.tex 2025-08-29 v3.1.11a (3.1.11a)
\pgfarrowsep=\dimen261
)
("D:/New folder/tex/generic/pgf/basiclayer/pgfcoreshade.code.tex"
File: pgfcoreshade.code.tex 2025-08-29 v3.1.11a (3.1.11a)
\pgf@max=\dimen262
\pgf@sys@shading@range@num=\count320
\pgf@shadingcount=\count321
)
("D:/New folder/tex/generic/pgf/basiclayer/pgfcoreimage.code.tex"
File: pgfcoreimage.code.tex 2025-08-29 v3.1.11a (3.1.11a)
)
("D:/New folder/tex/generic/pgf/basiclayer/pgfcoreexternal.code.tex"
File: pgfcoreexternal.code.tex 2025-08-29 v3.1.11a (3.1.11a)
\pgfexternal@startupbox=\box60
)
("D:/New folder/tex/generic/pgf/basiclayer/pgfcorelayers.code.tex"
File: pgfcorelayers.code.tex 2025-08-29 v3.1.11a (3.1.11a)
)
("D:/New folder/tex/generic/pgf/basiclayer/pgfcoretransparency.code.tex"
File: pgfcoretransparency.code.tex 2025-08-29 v3.1.11a (3.1.11a)
)
("D:/New folder/tex/generic/pgf/basiclayer/pgfcorepatterns.code.tex"
File: pgfcorepatterns.code.tex 2025-08-29 v3.1.11a (3.1.11a)
)
("D:/New folder/tex/generic/pgf/basiclayer/pgfcorerdf.code.tex"
File: pgfcorerdf.code.tex 2025-08-29 v3.1.11a (3.1.11a)
)))
("D:/New folder/tex/generic/pgf/modules/pgfmoduleshapes.code.tex"
File: pgfmoduleshapes.code.tex 2025-08-29 v3.1.11a (3.1.11a)
\pgfnodeparttextbox=\box61
)
("D:/New folder/tex/generic/pgf/modules/pgfmoduleplot.code.tex"
File: pgfmoduleplot.code.tex 2025-08-29 v3.1.11a (3.1.11a)
)
("D:/New folder/tex/latex/pgf/compatibility/pgfcomp-version-0-65.sty"
Package: pgfcomp-version-0-65 2025-08-29 v3.1.11a (3.1.11a)
\pgf@nodesepstart=\dimen263
\pgf@nodesepend=\dimen264
)
("D:/New folder/tex/latex/pgf/compatibility/pgfcomp-version-1-18.sty"
Package: pgfcomp-version-1-18 2025-08-29 v3.1.11a (3.1.11a)
))
("D:/New folder/tex/latex/pgf/utilities/pgffor.sty"
("D:/New folder/tex/latex/pgf/utilities/pgfkeys.sty"
("D:/New folder/tex/generic/pgf/utilities/pgfkeys.code.tex"))
("D:/New folder/tex/latex/pgf/math/pgfmath.sty"
("D:/New folder/tex/generic/pgf/math/pgfmath.code.tex"))
("D:/New folder/tex/generic/pgf/utilities/pgffor.code.tex"
Package: pgffor 2025-08-29 v3.1.11a (3.1.11a)
\pgffor@iter=\dimen265
\pgffor@skip=\dimen266
\pgffor@stack=\toks34
\pgffor@toks=\toks35
))
("D:/New folder/tex/generic/pgf/frontendlayer/tikz/tikz.code.tex"
Package: tikz 2025-08-29 v3.1.11a (3.1.11a)

("D:/New folder/tex/generic/pgf/libraries/pgflibraryplothandlers.code.tex"
File: pgflibraryplothandlers.code.tex 2025-08-29 v3.1.11a (3.1.11a)
\pgf@plot@mark@count=\count322
\pgfplotmarksize=\dimen267
)
\tikz@lastx=\dimen268
\tikz@lasty=\dimen269
\tikz@lastxsaved=\dimen270
\tikz@lastysaved=\dimen271
\tikz@lastmovetox=\dimen272
\tikz@lastmovetoy=\dimen273
\tikzleveldistance=\dimen274
\tikzsiblingdistance=\dimen275
\tikz@figbox=\box62
\tikz@figbox@bg=\box63
\tikz@tempbox=\box64
\tikz@tempbox@bg=\box65
\tikztreelevel=\count323
\tikznumberofchildren=\count324
\tikznumberofcurrentchild=\count325
\tikz@fig@count=\count326

("D:/New folder/tex/generic/pgf/modules/pgfmodulematrix.code.tex"
File: pgfmodulematrix.code.tex 2025-08-29 v3.1.11a (3.1.11a)
\pgfmatrixcurrentrow=\count327
\pgfmatrixcurrentcolumn=\count328
\pgf@matrix@numberofcolumns=\count329
)
\tikz@expandcount=\count330

("D:/New folder/tex/generic/pgf/frontendlayer/tikz/libraries/tikzlibrarytopaths
.code.tex"
File: tikzlibrarytopaths.code.tex 2025-08-29 v3.1.11a (3.1.11a)
))) ("D:/New folder/tex/lualatex/luacode/luacode.sty"
Package: luacode 2012/01/23 v1.2a lua-in-tex helpers (mpg)

("D:/New folder/tex/generic/iftex/ifluatex.sty"
Package: ifluatex 2019/10/25 v1.5 ifluatex legacy package. Use iftex instead.
)
("D:/New folder/tex/luatex/luatexbase/luatexbase.sty"
Package: luatexbase 2015/10/04 v1.3 luatexbase interface to LuaTeX 

("D:/New folder/tex/luatex/ctablestack/ctablestack.sty"
Package: ctablestack 2015/10/01 v1.0 Catcode table stable support
\@catcodetablestackcnt=\count331
)
\CatcodeTableOther=\catcodetable14
\CatcodeTableExpl=\catcodetable15
)
\luacode@lines=\toks36
\luacode@table@soft=\catcodetable16
)
("D:/New folder/tex/latex/polyglossia/gloss-turkish.ldf"
File: gloss-turkish.ldf polyglossia: module for Turkish

("D:/New folder/tex/latex/polyglossia/hijrical.sty"
Package: hijrical 2010/07/12 v0.2 Islamic calendar

("D:/New folder/tex/latex/tools/calc.sty"
Package: calc 2025/03/01 v4.3b Infix arithmetic (KKT,FJ)
\calc@Acount=\count332
\calc@Bcount=\count333
\calc@Adimen=\dimen276
\calc@Bdimen=\dimen277
\calc@Askip=\skip54
\calc@Bskip=\skip55
LaTeX Info: Redefining \setlength on input line 86.
LaTeX Info: Redefining \addtolength on input line 87.
\calc@Ccount=\count334
\calc@Cskip=\skip56
)
("D:/New folder/tex/latex/polyglossia/arabicnumbers.sty"
Package: arabicnumbers 2010/03/18 v0.2 Formatting of Arabic and Farsi digits an
d of Arabic abjad numerals
)
("D:/New folder/tex/latex/polyglossia/cal-util.def"
\c@tmpA=\count335
\c@tmpB=\count336
\c@tmpC=\count337
\c@tmpD=\count338
\c@tmpE=\count339
\c@tmpF=\count340
)
\c@Hijriday=\count341
\c@Hijrimonth=\count342
\c@Hijriyear=\count343
)
Module polyglossia Info: Language data for turkish
(polyglossia)            hyphenation	
(polyglossia)            lefthyphenmin	2
(polyglossia)            loader	loadhyph-tr.tex
(polyglossia)            patterns	hyph-tr.pat.txt
(polyglossia)            righthyphenmin	2
(polyglossia)            synonyms	 on input line 13
Module polyglossia Info: Language turkish was not yet loaded; created with id 2 
on input line 13
)

Package polyglossia Info: Default language is turkish


("D:/New folder/tex/latex/polyglossia/gloss-english.ldf"
File: gloss-english.ldf polyglossia: module for English
)
luaotfload | cache : Lookup cache loaded from C:/Users/User/AppData/Local/MiKTeX
/luatex-cache/generic/names/luaotfload-lookup-cache.luc.

Package fontspec Info: 
(fontspec)             Font family 'Arial(0)' created for font 'Arial' with
(fontspec)             options [Renderer=Harfbuzz,Ligatures=TeX].
(fontspec)              
(fontspec)              This font family consists of the following NFSS
(fontspec)             series/shapes:
(fontspec)              
(fontspec)             - 'normal' (m/n) with NFSS spec.:
(fontspec)             <->"name:Arial:mode=harf;script=latn;language=dflt;+tlig
;"
(fontspec)             - 'small caps'  (m/sc) with NFSS spec.:
(fontspec)             <->"name:Arial:mode=harf;script=latn;language=dflt;+tlig
;+smcp;"
(fontspec)             - 'bold' (b/n) with NFSS spec.:
(fontspec)             <->"name:Arial/B:mode=harf;script=latn;language=dflt;+tl
ig;"
(fontspec)             - 'bold small caps'  (b/sc) with NFSS spec.:
(fontspec)             <->"name:Arial/B:mode=harf;script=latn;language=dflt;+tl
ig;+smcp;"
(fontspec)             - 'italic' (m/it) with NFSS spec.:
(fontspec)             <->"name:Arial/I:mode=harf;script=latn;language=dflt;+tl
ig;"
(fontspec)             - 'italic small caps'  (m/scit) with NFSS spec.:
(fontspec)             <->"name:Arial/I:mode=harf;script=latn;language=dflt;+tl
ig;+smcp;"
(fontspec)             - 'bold italic' (b/it) with NFSS spec.:
(fontspec)             <->"name:Arial/BI:mode=harf;script=latn;language=dflt;+t
lig;"
(fontspec)             - 'bold italic small caps'  (b/scit) with NFSS spec.:
(fontspec)             <->"name:Arial/BI:mode=harf;script=latn;language=dflt;+t
lig;+smcp;"


Package fontspec Info: 
(fontspec)             Font family 'Arial(1)' created for font 'Arial' with
(fontspec)             options
(fontspec)             [Renderer=Harfbuzz,Ligatures=TeX,Language=Turkish].
(fontspec)              
(fontspec)              This font family consists of the following NFSS
(fontspec)             series/shapes:
(fontspec)              
(fontspec)             - 'normal' (m/n) with NFSS spec.:
(fontspec)             <->"name:Arial:mode=harf;script=latn;language=TRK;+tlig;
"
(fontspec)             - 'small caps'  (m/sc) with NFSS spec.:
(fontspec)             <->"name:Arial:mode=harf;script=latn;language=TRK;+tlig;
+smcp;"
(fontspec)             - 'bold' (b/n) with NFSS spec.:
(fontspec)             <->"name:Arial/B:mode=harf;script=latn;language=TRK;+tli
g;"
(fontspec)             - 'bold small caps'  (b/sc) with NFSS spec.:
(fontspec)             <->"name:Arial/B:mode=harf;script=latn;language=TRK;+tli
g;+smcp;"
(fontspec)             - 'italic' (m/it) with NFSS spec.:
(fontspec)             <->"name:Arial/I:mode=harf;script=latn;language=TRK;+tli
g;"
(fontspec)             - 'italic small caps'  (m/scit) with NFSS spec.:
(fontspec)             <->"name:Arial/I:mode=harf;script=latn;language=TRK;+tli
g;+smcp;"
(fontspec)             - 'bold italic' (b/it) with NFSS spec.:
(fontspec)             <->"name:Arial/BI:mode=harf;script=latn;language=TRK;+tl
ig;"
(fontspec)             - 'bold italic small caps'  (b/scit) with NFSS spec.:
(fontspec)             <->"name:Arial/BI:mode=harf;script=latn;language=TRK;+tl
ig;+smcp;"


No file input.aux.

\openout1 = input.aux
LaTeX Font Info:    Checking defaults for OML/cmm/m/it on input line 19.
LaTeX Font Info:    ... okay on input line 19.
LaTeX Font Info:    Checking defaults for OMS/cmsy/m/n on input line 19.
LaTeX Font Info:    ... okay on input line 19.
LaTeX Font Info:    Checking defaults for OT1/cmr/m/n on input line 19.
LaTeX Font Info:    ... okay on input line 19.
LaTeX Font Info:    Checking defaults for T1/cmr/m/n on input line 19.
LaTeX Font Info:    ... okay on input line 19.
LaTeX Font Info:    Checking defaults for TS1/cmr/m/n on input line 19.
LaTeX Font Info:    ... okay on input line 19.
LaTeX Font Info:    Checking defaults for TU/lmr/m/n on input line 19.
LaTeX Font Info:    ... okay on input line 19.
LaTeX Font Info:    Checking defaults for OMX/cmex/m/n on input line 19.
LaTeX Font Info:    ... okay on input line 19.
LaTeX Font Info:    Checking defaults for U/cmr/m/n on input line 19.
LaTeX Font Info:    ... okay on input line 19.

Package fontspec Info: 
(fontspec)             Adjusting the maths setup (use [no-math] to avoid
(fontspec)             this).

\symlegacymaths=\mathgroup6
LaTeX Font Info:    Overwriting symbol font `legacymaths' in version `bold'
(Font)                  OT1/cmr/m/n --> OT1/cmr/bx/n on input line 19.
LaTeX Font Info:    Redeclaring math accent \acute on input line 19.
LaTeX Font Info:    Redeclaring math accent \grave on input line 19.
LaTeX Font Info:    Redeclaring math accent \ddot on input line 19.
LaTeX Font Info:    Redeclaring math accent \tilde on input line 19.
LaTeX Font Info:    Redeclaring math accent \bar on input line 19.
LaTeX Font Info:    Redeclaring math accent \breve on input line 19.
LaTeX Font Info:    Redeclaring math accent \check on input line 19.
LaTeX Font Info:    Redeclaring math accent \hat on input line 19.
LaTeX Font Info:    Redeclaring math accent \dot on input line 19.
LaTeX Font Info:    Redeclaring math accent \mathring on input line 19.
LaTeX Font Info:    Redeclaring math symbol \Gamma on input line 19.
LaTeX Font Info:    Redeclaring math symbol \Delta on input line 19.
LaTeX Font Info:    Redeclaring math symbol \Theta on input line 19.
LaTeX Font Info:    Redeclaring math symbol \Lambda on input line 19.
LaTeX Font Info:    Redeclaring math symbol \Xi on input line 19.
LaTeX Font Info:    Redeclaring math symbol \Pi on input line 19.
LaTeX Font Info:    Redeclaring math symbol \Sigma on input line 19.
LaTeX Font Info:    Redeclaring math symbol \Upsilon on input line 19.
LaTeX Font Info:    Redeclaring math symbol \Phi on input line 19.
LaTeX Font Info:    Redeclaring math symbol \Psi on input line 19.
LaTeX Font Info:    Redeclaring math symbol \Omega on input line 19.
LaTeX Font Info:    Redeclaring math symbol \mathdollar on input line 19.
LaTeX Font Info:    Redeclaring symbol font `operators' on input line 19.
LaTeX Font Info:    Encoding `OT1' has changed to `TU' for symbol font
(Font)              `operators' in the math version `normal' on input line 19.
LaTeX Font Info:    Overwriting symbol font `operators' in version `normal'
(Font)                  OT1/cmr/m/n --> TU/Arial(0)/m/n on input line 19.
LaTeX Font Info:    Encoding `OT1' has changed to `TU' for symbol font
(Font)              `operators' in the math version `bold' on input line 19.
LaTeX Font Info:    Overwriting symbol font `operators' in version `bold'
(Font)                  OT1/cmr/bx/n --> TU/Arial(0)/m/n on input line 19.
LaTeX Font Info:    Overwriting symbol font `operators' in version `normal'
(Font)                  TU/Arial(0)/m/n --> TU/Arial(0)/m/n on input line 19.
LaTeX Font Info:    Overwriting math alphabet `\mathit' in version `normal'
(Font)                  OT1/cmr/m/it --> TU/Arial(0)/m/it on input line 19.
LaTeX Font Info:    Overwriting math alphabet `\mathbf' in version `normal'
(Font)                  OT1/cmr/bx/n --> TU/Arial(0)/b/n on input line 19.
LaTeX Font Info:    Overwriting math alphabet `\mathsf' in version `normal'
(Font)                  OT1/cmss/m/n --> TU/lmss/m/n on input line 19.
LaTeX Font Info:    Overwriting math alphabet `\mathtt' in version `normal'
(Font)                  OT1/cmtt/m/n --> TU/lmtt/m/n on input line 19.
LaTeX Font Info:    Overwriting symbol font `operators' in version `bold'
(Font)                  TU/Arial(0)/m/n --> TU/Arial(0)/b/n on input line 19.
LaTeX Font Info:    Overwriting math alphabet `\mathit' in version `bold'
(Font)                  OT1/cmr/bx/it --> TU/Arial(0)/b/it on input line 19.
LaTeX Font Info:    Overwriting math alphabet `\mathsf' in version `bold'
(Font)                  OT1/cmss/bx/n --> TU/lmss/b/n on input line 19.
LaTeX Font Info:    Overwriting math alphabet `\mathtt' in version `bold'
(Font)                  OT1/cmtt/m/n --> TU/lmtt/b/n on input line 19.
*geometry* driver: auto-detecting
*geometry* detected driver: luatex
*geometry* verbose mode - [ preamble ] result:
* driver: luatex
* paper: <default>
* layout: <same size as paper>
* layoutoffset:(h,v)=(0.0pt,0.0pt)
* modes: 
* h-part:(L,W,R)=(71.13188pt, 472.03123pt, 71.13188pt)
* v-part:(T,H,B)=(71.13188pt, 652.70622pt, 71.13188pt)
* \paperwidth=614.295pt
* \paperheight=794.96999pt
* \textwidth=472.03123pt
* \textheight=652.70622pt
* \oddsidemargin=-1.1381pt
* \evensidemargin=-1.1381pt
* \topmargin=-38.1381pt
* \headheight=12.0pt
* \headsep=25.0pt
* \topskip=12.0pt
* \footskip=30.0pt
* \marginparwidth=44.0pt
* \marginparsep=10.0pt
* \columnsep=10.0pt
* \skip\footins=10.8pt plus 4.0pt minus 2.0pt
* \hoffset=0.0pt
* \voffset=0.0pt
* \mag=1000
* \@twocolumnfalse
* \@twosidefalse
* \@mparswitchfalse
* \@reversemarginfalse
* (1in=72.27pt=25.4mm, 1cm=28.453pt)

("D:/New folder/tex/context/base/mkii/supp-pdf.mkii"
[Loading MPS to PDF converter (version 2006.09.02).]
\scratchcounter=\count344
\scratchdimen=\dimen278
\scratchbox=\box66
\nofMPsegments=\count345
\nofMParguments=\count346
\everyMPshowfont=\toks37
\MPscratchCnt=\count347
\MPscratchDim=\dimen279
\MPnumerator=\count348
\makeMPintoPDFobject=\count349
\everyMPtoPDFconversion=\toks38
) ("D:/New folder/tex/latex/epstopdf-pkg/epstopdf-base.sty"
Package: epstopdf-base 2020-01-24 v2.11 Base part for package epstopdf
Package epstopdf-base Info: Redefining graphics rule for `.eps' on input line 4
85.

("D:/New folder/tex/latex/00miktex/epstopdf-sys.cfg"
File: epstopdf-sys.cfg 2021/03/18 v2.0 Configuration of epstopdf for MiKTeX
))
LaTeX Font Info:    Trying to load font information for U+msa on input line 21.


("D:/New folder/tex/latex/amsfonts/umsa.fd"
File: umsa.fd 2013/01/14 v3.01 AMS symbols A
)
LaTeX Font Info:    Trying to load font information for U+msb on input line 21.


("D:/New folder/tex/latex/amsfonts/umsb.fd"
File: umsb.fd 2013/01/14 v3.01 AMS symbols B
)
luaotfload | db : Reload initiated (formats: otf,ttf,ttc); reason: Font "Noto Sa
ns Georgian" not found.

! Package fontspec Error: 
(fontspec)                The font "Noto Sans Georgian" cannot be found;
(fontspec)                this may be but usually is not a fontspec bug.
(fontspec)                Either there is a typo in the font name/file, the
(fontspec)                font is not installed (correctly), or there is a
(fontspec)                bug in the underlying font loading engine
(fontspec)                (XeTeX/luaotfload).

For immediate help type H <return>.
 ...                                              
                                                  
l.33 {\fontspec{Noto Sans Georgian} გ
                                       ამარჯობა მსოფ...

A font might not be found for many reasons.
 Check the spelling, where the font is installed etc. etc.

 When in doubt, ask someone for help!


luaotfload | aux : no font with id 0
luaotfload | aux : no font with id 0

Package fontspec Info: 
(fontspec)             Could not resolve font "Noto Sans Georgian/BI" (it
(fontspec)             probably doesn't exist).


Package fontspec Info: 
(fontspec)             Could not resolve font "Noto Sans Georgian/B" (it
(fontspec)             probably doesn't exist).


Package fontspec Info: 
(fontspec)             Could not resolve font "Noto Sans Georgian/I" (it
(fontspec)             probably doesn't exist).


! Package fontspec Error: 
(fontspec)                The font "Noto Sans Georgian" cannot be found;
(fontspec)                this may be but usually is not a fontspec bug.
(fontspec)                Either there is a typo in the font name/file, the
(fontspec)                font is not installed (correctly), or there is a
(fontspec)                bug in the underlying font loading engine
(fontspec)                (XeTeX/luaotfload).

For immediate help type H <return>.
 ...                                              
                                                  
l.33 {\fontspec{Noto Sans Georgian} გ
                                       ამარჯობა მსოფ...

A font might not be found for many reasons.
 Check the spelling, where the font is installed etc. etc.

 When in doubt, ask someone for help!



! Package fontspec Error: 
(fontspec)                The font "Noto Sans Georgian" cannot be found;
(fontspec)                this may be but usually is not a fontspec bug.
(fontspec)                Either there is a typo in the font name/file, the
(fontspec)                font is not installed (correctly), or there is a
(fontspec)                bug in the underlying font loading engine
(fontspec)                (XeTeX/luaotfload).

For immediate help type H <return>.
 ...                                              
                                                  
l.33 {\fontspec{Noto Sans Georgian} გ
                                       ამარჯობა მსოფ...

A font might not be found for many reasons.
 Check the spelling, where the font is installed etc. etc.

 When in doubt, ask someone for help!


luaotfload | aux : no font with id 0
luaotfload | aux : no font with id 0
luaotfload | aux : no font with id 0
luaotfload | aux : no font with id 0
luaotfload | aux : no font with id 0
luaotfload | aux : no font with id 0

Package fontspec Info: 
(fontspec)             Font family 'NotoSansGeorgian(0)' created for font
(fontspec)             'Noto Sans Georgian' with options [Renderer=Harfbuzz].
(fontspec)              
(fontspec)              This font family consists of the following NFSS
(fontspec)             series/shapes:
(fontspec)              
(fontspec)             - 'normal' (m/n) with NFSS spec.: <->"name:Noto Sans
(fontspec)             Georgian:mode=harf;script=latn;language=dflt;"

! Font \TU/NotoSansGeorgian(0)/m/n/12=name:Noto Sans Georgian:mode=harf;script=l
atn;language=dflt; at 12pt not loadable: metric data not found or bad.
<to be read again> 
                   relax 
l.33 {\fontspec{Noto Sans Georgian} გ
                                       ამარჯობა მსოფ...
I wasn't able to read the size data for this font,
so I will ignore the font specification.
[Wizards can fix TFM files using TFtoPL/PLtoTF.]
You might try inserting a different font spec;
e.g., type `I\font<same font id>=<substitute font name>'.

Missing character: There is no გ (U+10D2) in font nullfont!
Missing character: There is no ა (U+10D0) in font nullfont!
Missing character: There is no მ (U+10DB) in font nullfont!
Missing character: There is no ა (U+10D0) in font nullfont!
Missing character: There is no რ (U+10E0) in font nullfont!
Missing character: There is no ჯ (U+10EF) in font nullfont!
Missing character: There is no ო (U+10DD) in font nullfont!
Missing character: There is no ბ (U+10D1) in font nullfont!
Missing character: There is no ა (U+10D0) in font nullfont!
Missing character: There is no მ (U+10DB) in font nullfont!
Missing character: There is no ს (U+10E1) in font nullfont!
Missing character: There is no ო (U+10DD) in font nullfont!
Missing character: There is no ფ (U+10E4) in font nullfont!
Missing character: There is no ლ (U+10DA) in font nullfont!
Missing character: There is no ი (U+10D8) in font nullfont!
Missing character: There is no ო (U+10DD) in font nullfont!
Missing character: There is no , (U+002C) in font nullfont!
Missing character: There is no ე (U+10D4) in font nullfont!
Missing character: There is no ს (U+10E1) in font nullfont!
Missing character: There is no ა (U+10D0) in font nullfont!
Missing character: There is no რ (U+10E0) in font nullfont!
Missing character: There is no ი (U+10D8) in font nullfont!
Missing character: There is no ს (U+10E1) in font nullfont!
Missing character: There is no ტ (U+10E2) in font nullfont!
Missing character: There is no ე (U+10D4) in font nullfont!
Missing character: There is no ს (U+10E1) in font nullfont!
Missing character: There is no ტ (U+10E2) in font nullfont!
Missing character: There is no ი (U+10D8) in font nullfont!
Missing character: There is no გ (U+10D2) in font nullfont!
Missing character: There is no ა (U+10D0) in font nullfont!
Missing character: There is no მ (U+10DB) in font nullfont!
Missing character: There is no ა (U+10D0) in font nullfont!
Missing character: There is no რ (U+10E0) in font nullfont!
Missing character: There is no ჯ (U+10EF) in font nullfont!
Missing character: There is no ო (U+10DD) in font nullfont!
Missing character: There is no ბ (U+10D1) in font nullfont!
Missing character: There is no ა (U+10D0) in font nullfont!
Missing character: There is no მ (U+10DB) in font nullfont!
Missing character: There is no ს (U+10E1) in font nullfont!
Missing character: There is no ო (U+10DD) in font nullfont!
Missing character: There is no ფ (U+10E4) in font nullfont!
Missing character: There is no ლ (U+10DA) in font nullfont!
Missing character: There is no ი (U+10D8) in font nullfont!
Missing character: There is no ო (U+10DD) in font nullfont!
Missing character: There is no , (U+002C) in font nullfont!
Missing character: There is no ე (U+10D4) in font nullfont!
Missing character: There is no ს (U+10E1) in font nullfont!
Missing character: There is no ა (U+10D0) in font nullfont!
Missing character: There is no რ (U+10E0) in font nullfont!
Missing character: There is no ი (U+10D8) in font nullfont!
Missing character: There is no ს (U+10E1) in font nullfont!
Missing character: There is no ტ (U+10E2) in font nullfont!
Missing character: There is no ე (U+10D4) in font nullfont!
Missing character: There is no ს (U+10E1) in font nullfont!
Missing character: There is no ტ (U+10E2) in font nullfont!
Missing character: There is no ი (U+10D8) in font nullfont!
[1

{C:/Users/User/AppData/Local/MiKTeX/fonts/map/pdftex/pdftex.map}
Missing character: There is no გ (U+10D2) in font nullfont!
Missing character: There is no ა (U+10D0) in font nullfont!
Missing character: There is no მ (U+10DB) in font nullfont!
Missing character: There is no ა (U+10D0) in font nullfont!
Missing character: There is no რ (U+10E0) in font nullfont!
Missing character: There is no ჯ (U+10EF) in font nullfont!
Missing character: There is no ო (U+10DD) in font nullfont!
Missing character: There is no ბ (U+10D1) in font nullfont!
Missing character: There is no ა (U+10D0) in font nullfont!
Missing character: There is no მ (U+10DB) in font nullfont!
Missing character: There is no ს (U+10E1) in font nullfont!
Missing character: There is no ო (U+10DD) in font nullfont!
Missing character: There is no ფ (U+10E4) in font nullfont!
Missing character: There is no ლ (U+10DA) in font nullfont!
Missing character: There is no ი (U+10D8) in font nullfont!
Missing character: There is no ო (U+10DD) in font nullfont!
Missing character: There is no , (U+002C) in font nullfont!
Missing character: There is no ე (U+10D4) in font nullfont!
Missing character: There is no ს (U+10E1) in font nullfont!
Missing character: There is no ა (U+10D0) in font nullfont!
Missing character: There is no რ (U+10E0) in font nullfont!
Missing character: There is no ი (U+10D8) in font nullfont!
Missing character: There is no ს (U+10E1) in font nullfont!
Missing character: There is no ტ (U+10E2) in font nullfont!
Missing character: There is no ე (U+10D4) in font nullfont!
Missing character: There is no ს (U+10E1) in font nullfont!
Missing character: There is no ტ (U+10E2) in font nullfont!
Missing character: There is no ი (U+10D8) in font nullfont!
] [2] (./input.aux)
 ***********
LaTeX2e <2025-11-01>
L3 programming layer <2025-12-24>
 ***********
)

Here is how much of LuaTeX's memory you used:
 17648 strings out of 476081
 100000,953878 words of node,token memory allocated
 522 words of node memory still in use:
   6 hlist, 2 vlist, 2 rule, 2 glue, 4 kern, 1 glyph, 11 attribute, 55 glue_spec
, 11 attribute_list, 2 write nodes
   avail lists: 2:380,3:125,4:36,5:80,6:28,7:1608,8:15,9:173,10:5,11:151
 39630 multiletter control sequences out of 65536+600000
 83 fonts using 39938199 bytes
 102i,6n,101p,405b,588s stack positions out of 10000i,1000n,20000p,200000b,200000s
<d:/new folder/fonts/opentype/public/lm/lmmono12-regular.otf><C:/WINDOWS/Fonts/a
rialbd.ttf><C:/WINDOWS/Fonts/arial.ttf><D:/New folder/fonts/type1/public/amsfont
s/cm/cmex10.pfb><D:/New folder/fonts/type1/public/amsfonts/cm/cmmi12.pfb><D:/New
 folder/fonts/type1/public/amsfonts/cm/cmmi8.pfb><D:/New folder/fonts/type1/publ
ic/amsfonts/cm/cmr12.pfb><D:/New folder/fonts/type1/public/amsfonts/cm/cmr8.pfb>
<D:/New folder/fonts/type1/public/amsfonts/cm/cmsy8.pfb>
Output written on input.pdf (2 pages, 124309 bytes).

PDF statistics: 59 PDF objects out of 1000 (max. 8388607)
 0 named destinations out of 1000 (max. 1048576)
 16 words of extra memory for PDF output out of 10000 (max. 100000000)

